<?xml version="1.0" encoding="UTF-8"?>
<testsuite xmlns:xsi="http://www.w3.org/2001/XMLSchema-instance" xsi:noNamespaceSchemaLocation="https://maven.apache.org/surefire/maven-surefire-plugin/xsd/surefire-test-report-3.0.xsd" version="3.0" name="LionHaveMaleSexParameterizedTest" time="0.026" tests="3" errors="0" skipped="0" failures="0">
  <properties>
[...]
</properties>
  <testcase name="testLionWithInvalidSex[0]" classname="LionHaveMaleSexParameterizedTest" time="0.003"/>
  <testcase name="testLionWithInvalidSex[1]" classname="LionHaveMaleSexParameterizedTest" time="0.0"/>
  <testcase name="testLionWithInvalidSex[2]" classname="LionHaveMaleSexParameterizedTest" time="0.001"/>
</testsuite>